{"name": "test_add[add_failed]", "status": "failed", "statusDetails": {"message": "AssertionError: assert -0.1 == 0.3", "trace": "self = <pytest_9916.test_calc_new.TestCalc object at 0x0000000003603C70>, start_end = None, a = 0.1, b = -0.2, expect = 0.3\n\n    @pytest.mark.run(order=1)\n    @pytest.mark.parametrize(\n        'a, b, expect',\n        datas['add']['datas'],\n        ids=datas['add']['myid']\n    )\n    def test_add(self, start_end, a, b, expect):\n        result = self.add(a, b)\n        if isinstance(result, float):\n            result = round(result, 2)\n>       assert result == expect\nE       assert -0.1 == 0.3\n\ntest_calc_new.py:53: AssertionError"}, "parameters": [{"name": "a", "value": "0.1"}, {"name": "b", "value": "-0.2"}, {"name": "expect", "value": "0.3"}], "start": 1613559262836, "stop": 1613559262837, "uuid": "c1f52b50-551c-47b8-9444-3a847e86f8f2", "historyId": "0478b2ee884b3bb9706a65068831746e", "testCaseId": "07d7074b11baf99ef0f511221e36f260", "fullName": "test_calc_new.TestCalc#test_add", "labels": [{"name": "tag", "value": "run(order=1)"}, {"name": "suite", "value": "test_calc_new"}, {"name": "subSuite", "value": "TestCalc"}, {"name": "host", "value": "SKY-20190112HVA"}, {"name": "thread", "value": "7816-MainThread"}, {"name": "framework", "value": "pytest"}, {"name": "language", "value": "cpython3"}, {"name": "package", "value": "test_calc_new"}]}